Build started 2013-04-23 08:13:46.
     1>Project "C:\Users\poni\Documents\Code\ProsjektSVN\ProsjektSVN.vcxproj" on node 2 (rebuild target(s)).
     1>InitializeBuildStatus:
         Creating "Debug\ProsjektSVN.unsuccessfulbuild" because "AlwaysCreate" was specified.
       ClCompile:
         C:\Program Files (x86)\Microsoft Visual Studio 10.0\VC\bin\CL.exe /c /ZI /nologo /W3 /WX- /Od /Oy- /D _MBCS /Gm /EHsc /RTC1 /MDd /GS /fp:precise /Zc:wchar_t /Zc:forScope /Fo"Debug\\" /Fd"Debug\vc100.pdb" /Gd /TP /analyze- /errorReport:prompt globalFunctions.cpp hotellClass.cpp listtool2.cpp main.cpp prisClass.cpp regningClass.cpp reg_postClass.cpp reservasjonClass.cpp romClass.cpp romDobbelClass.cpp romSingelClass.cpp romSuiteClass.cpp timer2.cpp
         timer2.cpp
     1>c:\users\poni\documents\code\prosjektsvn\timer2.cpp(32): warning C4996: 'localtime': This function or variable may be unsafe. Consider using localtime_s instead. To disable deprecation, use _CRT_SECURE_NO_WARNINGS. See online help for details.
                 c:\program files (x86)\microsoft visual studio 10.0\vc\include\time.inl(112) : see declaration of 'localtime'
     1>c:\users\poni\documents\code\prosjektsvn\timer2.cpp(43): warning C4996: 'localtime': This function or variable may be unsafe. Consider using localtime_s instead. To disable deprecation, use _CRT_SECURE_NO_WARNINGS. See online help for details.
                 c:\program files (x86)\microsoft visual studio 10.0\vc\include\time.inl(112) : see declaration of 'localtime'
     1>c:\users\poni\documents\code\prosjektsvn\timer2.cpp(63): warning C4996: 'localtime': This function or variable may be unsafe. Consider using localtime_s instead. To disable deprecation, use _CRT_SECURE_NO_WARNINGS. See online help for details.
                 c:\program files (x86)\microsoft visual studio 10.0\vc\include\time.inl(112) : see declaration of 'localtime'
         romSuiteClass.cpp
         romSingelClass.cpp
         romDobbelClass.cpp
         romClass.cpp
         reservasjonClass.cpp
         reg_postClass.cpp
         regningClass.cpp
         prisClass.cpp
         main.cpp
     1>c:\users\poni\documents\code\prosjektsvn\main.cpp(40): warning C4244: 'argument' : conversion from 'time_t' to 'unsigned int', possible loss of data
         listtool2.cpp
     1>c:\users\poni\documents\code\prosjektsvn\listtool2.cpp(72): warning C4996: 'strcpy': This function or variable may be unsafe. Consider using strcpy_s instead. To disable deprecation, use _CRT_SECURE_NO_WARNINGS. See online help for details.
                 c:\program files (x86)\microsoft visual studio 10.0\vc\include\string.h(105) : see declaration of 'strcpy'
     1>c:\users\poni\documents\code\prosjektsvn\listtool2.cpp(76): warning C4996: 'strcpy': This function or variable may be unsafe. Consider using strcpy_s instead. To disable deprecation, use _CRT_SECURE_NO_WARNINGS. See online help for details.
                 c:\program files (x86)\microsoft visual studio 10.0\vc\include\string.h(105) : see declaration of 'strcpy'
         hotellClass.cpp
         globalFunctions.cpp
         Generating Code...
     1>c:\users\poni\documents\code\prosjektsvn\globalfunctions.cpp(217): warning C4717: 'showMenu' : recursive on all control paths, function will cause runtime stack overflow
     1>c:\users\poni\documents\code\prosjektsvn\reg_postclass.cpp(115): warning C4715: 'Reg_Post::choice' : not all control paths return a value
     1>c:\users\poni\documents\code\prosjektsvn\romclass.cpp(403): warning C4715: 'Rom::checkReservationData' : not all control paths return a value
       Link:
         C:\Program Files (x86)\Microsoft Visual Studio 10.0\VC\bin\link.exe /ERRORREPORT:PROMPT /OUT:"C:\Users\poni\Documents\Code\Debug\ProsjektSVN.exe" /NOLOGO kernel32.lib user32.lib gdi32.lib winspool.lib comdlg32.lib advapi32.lib shell32.lib ole32.lib oleaut32.lib uuid.lib odbc32.lib odbccp32.lib /MANIFEST /ManifestFile:"Debug\ProsjektSVN.exe.intermediate.manifest" /MANIFESTUAC:"level='asInvoker' uiAccess='false'" /DEBUG /PDB:"C:\Users\poni\Documents\Code\Debug\ProsjektSVN.pdb" /TLBID:1 /DYNAMICBASE /NXCOMPAT /IMPLIB:"C:\Users\poni\Documents\Code\Debug\ProsjektSVN.lib" /MACHINE:X86 Debug\globalFunctions.obj
         Debug\hotellClass.obj
         Debug\listtool2.obj
         Debug\main.obj
         Debug\prisClass.obj
         Debug\regningClass.obj
         Debug\reg_postClass.obj
         Debug\reservasjonClass.obj
         Debug\romClass.obj
         Debug\romDobbelClass.obj
         Debug\romSingelClass.obj
         Debug\romSuiteClass.obj
         Debug\timer2.obj
         ProsjektSVN.vcxproj -> C:\Users\poni\Documents\Code\Debug\ProsjektSVN.exe
       Manifest:
         C:\Program Files (x86)\Microsoft SDKs\Windows\v7.0A\bin\mt.exe /nologo /verbose /outputresource:"C:\Users\poni\Documents\Code\Debug\ProsjektSVN.exe;#1" /manifest Debug\ProsjektSVN.exe.intermediate.manifest
       FinalizeBuildStatus:
         Deleting file "Debug\ProsjektSVN.unsuccessfulbuild".
         Touching "Debug\ProsjektSVN.lastbuildstate".
     1>Done Building Project "C:\Users\poni\Documents\Code\ProsjektSVN\ProsjektSVN.vcxproj" (rebuild target(s)).

Build succeeded.

Time Elapsed 00:00:05.29
